<?xml version="1.0" encoding="UTF-8"?>
<!-- Generated by org.testng.reporters.JUnitReportReporter -->
<testsuite hostname="venu-PC" name="Cropin.HomePage" tests="1" failures="0" timestamp="21 Dec 2020 05:29:43 GMT" time="7.022" errors="0">
  <testcase name="homePageNavigation" time="7.022" classname="Cropin.HomePage"/>
</testsuite> <!-- Cropin.HomePage -->
